<?xml version="1.0" encoding="UTF-8"?>
<testng-results skipped="0" failed="1" ignored="0" total="2" passed="1">
  <reporter-output>
  </reporter-output>
  <suite name="Default suite" duration-ms="28880" started-at="2020-08-18T20:36:23 NZST" finished-at="2020-08-18T20:36:52 NZST">
    <groups>
    </groups>
    <test name="Default test" duration-ms="28880" started-at="2020-08-18T20:36:23 NZST" finished-at="2020-08-18T20:36:52 NZST">
      <class name="SearchProductTest">
        <test-method status="PASS" signature="setUp()[pri:0, instance:SearchProductTest@3cb1ffe6]" name="setUp" is-config="true" duration-ms="12998" started-at="2020-08-18T20:36:23 NZST" finished-at="2020-08-18T20:36:36 NZST">
          <reporter-output>
          </reporter-output>
        </test-method> <!-- setUp -->
        <test-method status="PASS" signature="LoginTest()[pri:0, instance:SearchProductTest@3cb1ffe6]" name="LoginTest" duration-ms="2706" started-at="2020-08-18T20:36:36 NZST" finished-at="2020-08-18T20:36:39 NZST">
          <reporter-output>
          </reporter-output>
        </test-method> <!-- LoginTest -->
        <test-method status="PASS" signature="CloseApplication()[pri:0, instance:SearchProductTest@3cb1ffe6]" name="CloseApplication" is-config="true" duration-ms="661" started-at="2020-08-18T20:36:39 NZST" finished-at="2020-08-18T20:36:40 NZST">
          <reporter-output>
          </reporter-output>
        </test-method> <!-- CloseApplication -->
        <test-method status="PASS" signature="setUp()[pri:0, instance:SearchProductTest@3cb1ffe6]" name="setUp" is-config="true" duration-ms="11842" started-at="2020-08-18T20:36:40 NZST" finished-at="2020-08-18T20:36:51 NZST">
          <reporter-output>
          </reporter-output>
        </test-method> <!-- setUp -->
        <test-method status="FAIL" signature="VerifyProductPresentTest()[pri:0, instance:SearchProductTest@3cb1ffe6]" name="VerifyProductPresentTest" duration-ms="2" started-at="2020-08-18T20:36:51 NZST" finished-at="2020-08-18T20:36:51 NZST">
          <exception class="java.lang.NullPointerException">
            <full-stacktrace>
              <![CDATA[java.lang.NullPointerException
at SearchProductTest.VerifyProductPresentTest(SearchProductTest.java:43)
at sun.reflect.NativeMethodAccessorImpl.invoke0(Native Method)
at sun.reflect.NativeMethodAccessorImpl.invoke(NativeMethodAccessorImpl.java:62)
at sun.reflect.DelegatingMethodAccessorImpl.invoke(DelegatingMethodAccessorImpl.java:43)
at java.lang.reflect.Method.invoke(Method.java:498)
at org.testng.internal.MethodInvocationHelper.invokeMethod(MethodInvocationHelper.java:134)
at org.testng.internal.TestInvoker.invokeMethod(TestInvoker.java:597)
at org.testng.internal.TestInvoker.invokeTestMethod(TestInvoker.java:173)
at org.testng.internal.MethodRunner.runInSequence(MethodRunner.java:46)
at org.testng.internal.TestInvoker$MethodInvocationAgent.invoke(TestInvoker.java:816)
at org.testng.internal.TestInvoker.invokeTestMethods(TestInvoker.java:146)
at org.testng.internal.TestMethodWorker.invokeTestMethods(TestMethodWorker.java:146)
at org.testng.internal.TestMethodWorker.run(TestMethodWorker.java:128)
at java.util.ArrayList.forEach(ArrayList.java:1257)
at org.testng.TestRunner.privateRun(TestRunner.java:766)
at org.testng.TestRunner.run(TestRunner.java:587)
at org.testng.SuiteRunner.runTest(SuiteRunner.java:384)
at org.testng.SuiteRunner.runSequentially(SuiteRunner.java:378)
at org.testng.SuiteRunner.privateRun(SuiteRunner.java:337)
at org.testng.SuiteRunner.run(SuiteRunner.java:286)
at org.testng.SuiteRunnerWorker.runSuite(SuiteRunnerWorker.java:53)
at org.testng.SuiteRunnerWorker.run(SuiteRunnerWorker.java:96)
at org.testng.TestNG.runSuitesSequentially(TestNG.java:1187)
at org.testng.TestNG.runSuitesLocally(TestNG.java:1109)
at org.testng.TestNG.runSuites(TestNG.java:1039)
at org.testng.TestNG.run(TestNG.java:1007)
at org.testng.remote.AbstractRemoteTestNG.run(AbstractRemoteTestNG.java:115)
at org.testng.remote.RemoteTestNG.initAndRun(RemoteTestNG.java:251)
at org.testng.remote.RemoteTestNG.main(RemoteTestNG.java:77)
]]>
            </full-stacktrace>
          </exception> <!-- java.lang.NullPointerException -->
          <reporter-output>
          </reporter-output>
        </test-method> <!-- VerifyProductPresentTest -->
        <test-method status="PASS" signature="CloseApplication()[pri:0, instance:SearchProductTest@3cb1ffe6]" name="CloseApplication" is-config="true" duration-ms="625" started-at="2020-08-18T20:36:51 NZST" finished-at="2020-08-18T20:36:52 NZST">
          <reporter-output>
          </reporter-output>
        </test-method> <!-- CloseApplication -->
      </class> <!-- SearchProductTest -->
    </test> <!-- Default test -->
  </suite> <!-- Default suite -->
</testng-results>
